0 info it worked if it ends with ok
1 verbose cli [ 'node', '/usr/local/bin/npm', 'link' ]
2 info using npm@1.4.3
3 info using node@v0.10.28
4 verbose linkPkg /Applications/PublicProjects/generator-framework7-phonegap
5 error Error: EACCES, symlink '/Applications/PublicProjects/generator-framework7-phonegap'
5 error  { [Error: EACCES, symlink '/Applications/PublicProjects/generator-framework7-phonegap']
5 error   errno: 3,
5 error   code: 'EACCES',
5 error   path: '/Applications/PublicProjects/generator-framework7-phonegap' }
6 error Please try running this command again as root/Administrator.
7 error System Darwin 13.2.0
8 error command "node" "/usr/local/bin/npm" "link"
9 error cwd /Applications/PublicProjects/generator-framework7-phonegap
10 error node -v v0.10.28
11 error npm -v 1.4.3
12 error path /Applications/PublicProjects/generator-framework7-phonegap
13 error code EACCES
14 error errno 3
15 error stack Error: EACCES, symlink '/Applications/PublicProjects/generator-framework7-phonegap'
16 verbose exit [ 3, true ]
